<?xml version="1.0" encoding="UTF-8"?>
<!-- Generated by org.testng.reporters.JUnitReportReporter -->
<testsuite hostname="DESKTOP-VH96E9U" failures="0" tests="2" name="tests.LoginTest" time="61.370" errors="0" timestamp="2023-01-13T12:40:53 IST" skipped="0">
  <testcase classname="tests.LoginTest" name="login" time="39.744"/>
  <system-out/>
  <testcase classname="tests.LoginTest" name="login" time="21.626"/>
  <system-out/>
</testsuite> <!-- tests.LoginTest -->
