<?xml version="1.0" encoding="UTF-8"?>
<!-- Generated by org.testng.reporters.JUnitReportReporter -->
<testsuite hostname="DESKTOP-VH96E9U" failures="0" tests="1" name="tests.ThreeTest" time="0.004" errors="0" timestamp="2023-01-12T21:01:58 IST" skipped="0">
  <testcase classname="tests.ThreeTest" name="testThree" time="0.004"/>
  <system-out/>
</testsuite> <!-- tests.ThreeTest -->
