<?xml version="1.0" encoding="UTF-8"?>
<!-- Generated by org.testng.reporters.JUnitReportReporter -->
<testsuite hostname="DESKTOP-VH96E9U" failures="0" tests="1" name="tests.TwoTest" time="0.006" errors="0" timestamp="2022-10-09T23:23:39 IST" skipped="0">
  <testcase classname="tests.TwoTest" name="testtwo" time="0.006"/>
  <system-out/>
</testsuite> <!-- tests.TwoTest -->
