<?xml version="1.0" encoding="UTF-8"?>
<!-- Generated by org.testng.reporters.JUnitReportReporter -->
<testsuite hostname="DESKTOP-VH96E9U" failures="0" tests="1" name="tests.FourTest" time="0.017" errors="0" timestamp="2023-01-12T21:01:58 IST" skipped="0">
  <testcase classname="tests.FourTest" name="testFour" time="0.017"/>
  <system-out/>
</testsuite> <!-- tests.FourTest -->
