<?xml version="1.0" encoding="UTF-8"?>
<!-- Generated by org.testng.reporters.JUnitReportReporter -->
<testsuite hostname="DESKTOP-VH96E9U" failures="0" tests="2" name="tests.LoginTest" time="32.875" errors="0" timestamp="2022-10-09T23:23:39 IST" skipped="0">
  <testcase classname="tests.LoginTest" name="login" time="17.203"/>
  <system-out/>
  <testcase classname="tests.LoginTest" name="login" time="15.672"/>
  <system-out/>
</testsuite> <!-- tests.LoginTest -->
