<?xml version="1.0" encoding="UTF-8"?>
<!-- Generated by org.testng.reporters.JUnitReportReporter -->
<testsuite hostname="DESKTOP-VH96E9U" failures="0" tests="1" name="tests.TwoTest" time="0.003" errors="0" timestamp="2023-01-12T21:01:58 IST" skipped="0">
  <testcase classname="tests.TwoTest" name="testtwo" time="0.003"/>
  <system-out/>
</testsuite> <!-- tests.TwoTest -->
